\BOOKMARK [1][-]{section.1}{\376\377\123\302\200\003\213\276\213\241\116\313\176\315}{}% 1
\BOOKMARK [2][-]{subsection.1.1}{\376\377\140\073\117\123\176\323\147\204}{section.1}% 2
\BOOKMARK [2][-]{subsection.1.2}{\376\377\143\245\123\343\213\276\213\241}{section.1}% 3
\BOOKMARK [2][-]{subsection.1.3}{\376\377\145\207\116\366\176\304\176\307}{section.1}% 4
\BOOKMARK [1][-]{section.2}{\376\377\177\026\213\321\126\150\140\073\117\123\213\276\213\241}{}% 5
\BOOKMARK [2][-]{subsection.2.1}{\376\377\140\073\117\123\176\323\147\204}{section.2}% 6
\BOOKMARK [2][-]{subsection.2.2}{\376\377\143\245\123\343\213\276\213\241}{section.2}% 7
\BOOKMARK [2][-]{subsection.2.3}{\376\377\145\207\116\366\176\304\176\307}{section.2}% 8
\BOOKMARK [1][-]{section.3}{\376\377\213\315\154\325\122\006\147\220}{}% 9
\BOOKMARK [2][-]{subsection.3.1}{\376\377\140\073\117\123\213\276\213\241}{section.3}% 10
\BOOKMARK [2][-]{subsection.3.2}{\376\377\145\271\154\325\133\236\163\260}{section.3}% 11
\BOOKMARK [2][-]{subsection.3.3}{\376\377\177\026\170\001\124\016\166\204\117\356\145\071}{section.3}% 12
\BOOKMARK [1][-]{section.4}{\376\377\213\355\154\325\122\006\147\220}{}% 13
\BOOKMARK [2][-]{subsection.4.1}{\376\377\140\073\117\123\213\276\213\241}{section.4}% 14
\BOOKMARK [2][-]{subsection.4.2}{\376\377\145\271\154\325\133\236\163\260}{section.4}% 15
\BOOKMARK [2][-]{subsection.4.3}{\376\377\177\026\170\001\124\016\166\204\117\356\145\071}{section.4}% 16
\BOOKMARK [1][-]{section.5}{\376\377\213\355\116\111\122\006\147\220}{}% 17
\BOOKMARK [2][-]{subsection.5.1}{\376\377\140\073\117\123\213\276\213\241}{section.5}% 18
\BOOKMARK [2][-]{subsection.5.2}{\376\377\177\026\170\001\124\016\166\204\117\356\145\071}{section.5}% 19
\BOOKMARK [1][-]{section.6}{\376\377\116\343\170\001\165\037\142\020}{}% 20
\BOOKMARK [2][-]{subsection.6.1}{\376\377\000L\000L\000V\000M\000\040\000I\000R\166\204\165\037\142\020}{section.6}% 21
\BOOKMARK [3][-]{subsubsection.6.1.1}{\376\377\177\026\170\001\124\016\166\204\117\356\145\071}{subsection.6.1}% 22
\BOOKMARK [2][-]{subsection.6.2}{\376\377\000M\000I\000P\000S\154\107\177\026\166\204\165\037\142\020}{section.6}% 23
\BOOKMARK [3][-]{subsubsection.6.2.1}{\376\377\177\026\170\001\124\016\166\204\117\356\145\071}{subsection.6.2}% 24
\BOOKMARK [1][-]{section.7}{\376\377\116\343\170\001\117\030\123\026}{}% 25
\BOOKMARK [2][-]{subsection.7.1}{\376\377\140\073\117\123\213\276\213\241}{section.7}% 26
\BOOKMARK [2][-]{subsection.7.2}{\376\377\177\026\170\001\124\016\166\204\117\356\145\071}{section.7}% 27
