This is pdfTeX, Version 3.141592653-2.6-1.40.27 (MiKTeX 25.4) (preloaded format=pdflatex 2025.6.29)  6 DEC 2025 16:17
entering extended mode
 restricted \write18 enabled.
 file:line:error style messages enabled.
 %&-line parsing enabled.
**c:/Users/LajiPZ/Desktop/Salyut-J_docs/design.tex
(c:/Users/LajiPZ/Desktop/Salyut-J_docs/design.tex
LaTeX2e <2025-06-01> patch level 1
L3 programming layer <2025-06-09>
(C:\Users\LajiPZ\AppData\Local\Programs\MiKTeX\tex/latex/ctex\ctexart.cls (C:\Users\LajiPZ\AppData\Local\Programs\MiKTeX\tex/latex/ctex/config\ctexbackend.cfg
File: ctexbackend.cfg 2022/07/14 v2.5.10 Backend configuration file (CTEX)
) (C:\Users\LajiPZ\AppData\Local\Programs\MiKTeX\tex/latex/l3kernel\expl3.sty
Package: expl3 2025-06-09 L3 programming layer (loader) 
 (C:\Users\LajiPZ\AppData\Local\Programs\MiKTeX\tex/latex/l3backend\l3backend-pdftex.def
File: l3backend-pdftex.def 2025-06-09 L3 backend support: PDF output (pdfTeX)
\l__color_backend_stack_int=\count275
))
Document Class: ctexart 2022/07/14 v2.5.10 Chinese adapter for class article (CTEX)
(C:\Users\LajiPZ\AppData\Local\Programs\MiKTeX\tex/latex/ctex\ctexhook.sty
Package: ctexhook 2022/07/14 v2.5.10 Document and package hooks (CTEX)
) (C:\Users\LajiPZ\AppData\Local\Programs\MiKTeX\tex/latex/ctex\ctexpatch.sty
Package: ctexpatch 2022/07/14 v2.5.10 Patching commands (CTEX)
) (C:\Users\LajiPZ\AppData\Local\Programs\MiKTeX\tex/latex/base\fix-cm.sty
Package: fix-cm 2020/11/24 v1.1t fixes to LaTeX
 (C:\Users\LajiPZ\AppData\Local\Programs\MiKTeX\tex/latex/base\ts1enc.def
File: ts1enc.def 2001/06/05 v3.0e (jk/car/fm) Standard LaTeX file
LaTeX Font Info:    Redeclaring font encoding TS1 on input line 47.
LaTeX Encoding Info:    Redeclaring text command \capitalcedilla (encoding TS1) on input line 49.
LaTeX Encoding Info:    Redeclaring text command \capitalogonek (encoding TS1) on input line 52.
LaTeX Encoding Info:    Redeclaring text command \capitalgrave (encoding TS1) on input line 55.
LaTeX Encoding Info:    Redeclaring text command \capitalacute (encoding TS1) on input line 56.
LaTeX Encoding Info:    Redeclaring text command \capitalcircumflex (encoding TS1) on input line 57.
LaTeX Encoding Info:    Redeclaring text command \capitaltilde (encoding TS1) on input line 58.
LaTeX Encoding Info:    Redeclaring text command \capitaldieresis (encoding TS1) on input line 59.
LaTeX Encoding Info:    Redeclaring text command \capitalhungarumlaut (encoding TS1) on input line 60.
LaTeX Encoding Info:    Redeclaring text command \capitalring (encoding TS1) on input line 61.
LaTeX Encoding Info:    Redeclaring text command \capitalcaron (encoding TS1) on input line 62.
LaTeX Encoding Info:    Redeclaring text command \capitalbreve (encoding TS1) on input line 63.
LaTeX Encoding Info:    Redeclaring text command \capitalmacron (encoding TS1) on input line 64.
LaTeX Encoding Info:    Redeclaring text command \capitaldotaccent (encoding TS1) on input line 65.
LaTeX Encoding Info:    Redeclaring text command \t (encoding TS1) on input line 66.
LaTeX Encoding Info:    Redeclaring text command \capitaltie (encoding TS1) on input line 67.
LaTeX Encoding Info:    Redeclaring text command \newtie (encoding TS1) on input line 68.
LaTeX Encoding Info:    Redeclaring text command \capitalnewtie (encoding TS1) on input line 69.
LaTeX Encoding Info:    Redeclaring text symbol \textcapitalcompwordmark (encoding TS1) on input line 70.
LaTeX Encoding Info:    Redeclaring text symbol \textascendercompwordmark (encoding TS1) on input line 71.
LaTeX Encoding Info:    Redeclaring text symbol \textquotestraightbase (encoding TS1) on input line 72.
LaTeX Encoding Info:    Redeclaring text symbol \textquotestraightdblbase (encoding TS1) on input line 73.
LaTeX Encoding Info:    Redeclaring text symbol \texttwelveudash (encoding TS1) on input line 74.
LaTeX Encoding Info:    Redeclaring text symbol \textthreequartersemdash (encoding TS1) on input line 75.
LaTeX Encoding Info:    Redeclaring text symbol \textleftarrow (encoding TS1) on input line 76.
LaTeX Encoding Info:    Redeclaring text symbol \textrightarrow (encoding TS1) on input line 77.
LaTeX Encoding Info:    Redeclaring text symbol \textblank (encoding TS1) on input line 78.
LaTeX Encoding Info:    Redeclaring text symbol \textdollar (encoding TS1) on input line 79.
LaTeX Encoding Info:    Redeclaring text symbol \textquotesingle (encoding TS1) on input line 80.
LaTeX Encoding Info:    Redeclaring text command \textasteriskcentered (encoding TS1) on input line 81.
LaTeX Encoding Info:    Redeclaring text symbol \textdblhyphen (encoding TS1) on input line 92.
LaTeX Encoding Info:    Redeclaring text symbol \textfractionsolidus (encoding TS1) on input line 93.
LaTeX Encoding Info:    Redeclaring text symbol \textzerooldstyle (encoding TS1) on input line 94.
LaTeX Encoding Info:    Redeclaring text symbol \textoneoldstyle (encoding TS1) on input line 95.
LaTeX Encoding Info:    Redeclaring text symbol \texttwooldstyle (encoding TS1) on input line 96.
LaTeX Encoding Info:    Redeclaring text symbol \textthreeoldstyle (encoding TS1) on input line 97.
LaTeX Encoding Info:    Redeclaring text symbol \textfouroldstyle (encoding TS1) on input line 98.
LaTeX Encoding Info:    Redeclaring text symbol \textfiveoldstyle (encoding TS1) on input line 99.
LaTeX Encoding Info:    Redeclaring text symbol \textsixoldstyle (encoding TS1) on input line 100.
LaTeX Encoding Info:    Redeclaring text symbol \textsevenoldstyle (encoding TS1) on input line 101.
LaTeX Encoding Info:    Redeclaring text symbol \texteightoldstyle (encoding TS1) on input line 102.
LaTeX Encoding Info:    Redeclaring text symbol \textnineoldstyle (encoding TS1) on input line 103.
LaTeX Encoding Info:    Redeclaring text symbol \textlangle (encoding TS1) on input line 104.
LaTeX Encoding Info:    Redeclaring text symbol \textminus (encoding TS1) on input line 105.
LaTeX Encoding Info:    Redeclaring text symbol \textrangle (encoding TS1) on input line 106.
LaTeX Encoding Info:    Redeclaring text symbol \textmho (encoding TS1) on input line 107.
LaTeX Encoding Info:    Redeclaring text symbol \textbigcircle (encoding TS1) on input line 108.
LaTeX Encoding Info:    Redeclaring text command \textcircled (encoding TS1) on input line 109.
LaTeX Encoding Info:    Redeclaring text symbol \textohm (encoding TS1) on input line 115.
LaTeX Encoding Info:    Redeclaring text symbol \textlbrackdbl (encoding TS1) on input line 116.
LaTeX Encoding Info:    Redeclaring text symbol \textrbrackdbl (encoding TS1) on input line 117.
LaTeX Encoding Info:    Redeclaring text symbol \textuparrow (encoding TS1) on input line 118.
LaTeX Encoding Info:    Redeclaring text symbol \textdownarrow (encoding TS1) on input line 119.
LaTeX Encoding Info:    Redeclaring text symbol \textasciigrave (encoding TS1) on input line 120.
LaTeX Encoding Info:    Redeclaring text symbol \textborn (encoding TS1) on input line 121.
LaTeX Encoding Info:    Redeclaring text symbol \textdivorced (encoding TS1) on input line 122.
LaTeX Encoding Info:    Redeclaring text symbol \textdied (encoding TS1) on input line 123.
LaTeX Encoding Info:    Redeclaring text symbol \textleaf (encoding TS1) on input line 124.
LaTeX Encoding Info:    Redeclaring text symbol \textmarried (encoding TS1) on input line 125.
LaTeX Encoding Info:    Redeclaring text symbol \textmusicalnote (encoding TS1) on input line 126.
LaTeX Encoding Info:    Redeclaring text symbol \texttildelow (encoding TS1) on input line 127.
LaTeX Encoding Info:    Redeclaring text symbol \textdblhyphenchar (encoding TS1) on input line 128.
LaTeX Encoding Info:    Redeclaring text symbol \textasciibreve (encoding TS1) on input line 129.
LaTeX Encoding Info:    Redeclaring text symbol \textasciicaron (encoding TS1) on input line 130.
LaTeX Encoding Info:    Redeclaring text symbol \textacutedbl (encoding TS1) on input line 131.
LaTeX Encoding Info:    Redeclaring text symbol \textgravedbl (encoding TS1) on input line 132.
LaTeX Encoding Info:    Redeclaring text symbol \textdagger (encoding TS1) on input line 133.
LaTeX Encoding Info:    Redeclaring text symbol \textdaggerdbl (encoding TS1) on input line 134.
LaTeX Encoding Info:    Redeclaring text symbol \textbardbl (encoding TS1) on input line 135.
LaTeX Encoding Info:    Redeclaring text symbol \textperthousand (encoding TS1) on input line 136.
LaTeX Encoding Info:    Redeclaring text symbol \textbullet (encoding TS1) on input line 137.
LaTeX Encoding Info:    Redeclaring text symbol \textcelsius (encoding TS1) on input line 138.
LaTeX Encoding Info:    Redeclaring text symbol \textdollaroldstyle (encoding TS1) on input line 139.
LaTeX Encoding Info:    Redeclaring text symbol \textcentoldstyle (encoding TS1) on input line 140.
LaTeX Encoding Info:    Redeclaring text symbol \textflorin (encoding TS1) on input line 141.
LaTeX Encoding Info:    Redeclaring text symbol \textcolonmonetary (encoding TS1) on input line 142.
LaTeX Encoding Info:    Redeclaring text symbol \textwon (encoding TS1) on input line 143.
LaTeX Encoding Info:    Redeclaring text symbol \textnaira (encoding TS1) on input line 144.
LaTeX Encoding Info:    Redeclaring text symbol \textguarani (encoding TS1) on input line 145.
LaTeX Encoding Info:    Redeclaring text symbol \textpeso (encoding TS1) on input line 146.
LaTeX Encoding Info:    Redeclaring text symbol \textlira (encoding TS1) on input line 147.
LaTeX Encoding Info:    Redeclaring text symbol \textrecipe (encoding TS1) on input line 148.
LaTeX Encoding Info:    Redeclaring text symbol \textinterrobang (encoding TS1) on input line 149.
LaTeX Encoding Info:    Redeclaring text symbol \textinterrobangdown (encoding TS1) on input line 150.
LaTeX Encoding Info:    Redeclaring text symbol \textdong (encoding TS1) on input line 151.
LaTeX Encoding Info:    Redeclaring text symbol \texttrademark (encoding TS1) on input line 152.
LaTeX Encoding Info:    Redeclaring text symbol \textpertenthousand (encoding TS1) on input line 153.
LaTeX Encoding Info:    Redeclaring text symbol \textpilcrow (encoding TS1) on input line 154.
LaTeX Encoding Info:    Redeclaring text symbol \textbaht (encoding TS1) on input line 155.
LaTeX Encoding Info:    Redeclaring text symbol \textnumero (encoding TS1) on input line 156.
LaTeX Encoding Info:    Redeclaring text symbol \textdiscount (encoding TS1) on input line 157.
LaTeX Encoding Info:    Redeclaring text symbol \textestimated (encoding TS1) on input line 158.
LaTeX Encoding Info:    Redeclaring text symbol \textopenbullet (encoding TS1) on input line 159.
LaTeX Encoding Info:    Redeclaring text symbol \textservicemark (encoding TS1) on input line 160.
LaTeX Encoding Info:    Redeclaring text symbol \textlquill (encoding TS1) on input line 161.
LaTeX Encoding Info:    Redeclaring text symbol \textrquill (encoding TS1) on input line 162.
LaTeX Encoding Info:    Redeclaring text symbol \textcent (encoding TS1) on input line 163.
LaTeX Encoding Info:    Redeclaring text symbol \textsterling (encoding TS1) on input line 164.
LaTeX Encoding Info:    Redeclaring text symbol \textcurrency (encoding TS1) on input line 165.
LaTeX Encoding Info:    Redeclaring text symbol \textyen (encoding TS1) on input line 166.
LaTeX Encoding Info:    Redeclaring text symbol \textbrokenbar (encoding TS1) on input line 167.
LaTeX Encoding Info:    Redeclaring text symbol \textsection (encoding TS1) on input line 168.
LaTeX Encoding Info:    Redeclaring text symbol \textasciidieresis (encoding TS1) on input line 169.
LaTeX Encoding Info:    Redeclaring text symbol \textcopyright (encoding TS1) on input line 170.
LaTeX Encoding Info:    Redeclaring text symbol \textordfeminine (encoding TS1) on input line 171.
LaTeX Encoding Info:    Redeclaring text symbol \textcopyleft (encoding TS1) on input line 172.
LaTeX Encoding Info:    Redeclaring text symbol \textlnot (encoding TS1) on input line 173.
LaTeX Encoding Info:    Redeclaring text symbol \textcircledP (encoding TS1) on input line 174.
LaTeX Encoding Info:    Redeclaring text symbol \textregistered (encoding TS1) on input line 175.
LaTeX Encoding Info:    Redeclaring text symbol \textasciimacron (encoding TS1) on input line 176.
LaTeX Encoding Info:    Redeclaring text symbol \textdegree (encoding TS1) on input line 177.
LaTeX Encoding Info:    Redeclaring text symbol \textpm (encoding TS1) on input line 178.
LaTeX Encoding Info:    Redeclaring text symbol \texttwosuperior (encoding TS1) on input line 179.
LaTeX Encoding Info:    Redeclaring text symbol \textthreesuperior (encoding TS1) on input line 180.
LaTeX Encoding Info:    Redeclaring text symbol \textasciiacute (encoding TS1) on input line 181.
LaTeX Encoding Info:    Redeclaring text symbol \textmu (encoding TS1) on input line 182.
LaTeX Encoding Info:    Redeclaring text symbol \textparagraph (encoding TS1) on input line 183.
LaTeX Encoding Info:    Redeclaring text symbol \textperiodcentered (encoding TS1) on input line 184.
LaTeX Encoding Info:    Redeclaring text symbol \textreferencemark (encoding TS1) on input line 185.
LaTeX Encoding Info:    Redeclaring text symbol \textonesuperior (encoding TS1) on input line 186.
LaTeX Encoding Info:    Redeclaring text symbol \textordmasculine (encoding TS1) on input line 187.
LaTeX Encoding Info:    Redeclaring text symbol \textsurd (encoding TS1) on input line 188.
LaTeX Encoding Info:    Redeclaring text symbol \textonequarter (encoding TS1) on input line 189.
LaTeX Encoding Info:    Redeclaring text symbol \textonehalf (encoding TS1) on input line 190.
LaTeX Encoding Info:    Redeclaring text symbol \textthreequarters (encoding TS1) on input line 191.
LaTeX Encoding Info:    Redeclaring text symbol \texteuro (encoding TS1) on input line 192.
LaTeX Encoding Info:    Redeclaring text symbol \texttimes (encoding TS1) on input line 193.
LaTeX Encoding Info:    Redeclaring text symbol \textdiv (encoding TS1) on input line 194.
))
\l__ctex_tmp_int=\count276
\l__ctex_tmp_box=\box53
\l__ctex_tmp_dim=\dimen148
\g__ctex_section_depth_int=\count277
\g__ctex_font_size_int=\count278
 (C:\Users\LajiPZ\AppData\Local\Programs\MiKTeX\tex/latex/ctex/config\ctexopts.cfg
File: ctexopts.cfg 2022/07/14 v2.5.10 Option configuration file (CTEX)
)

Class ctexart Warning: UTF8 will be used as the default encoding.

(C:\Users\LajiPZ\AppData\Local\Programs\MiKTeX\tex/latex/base\article.cls
Document Class: article 2025/01/22 v1.4n Standard LaTeX document class
(C:\Users\LajiPZ\AppData\Local\Programs\MiKTeX\tex/latex/base\size10.clo
File: size10.clo 2025/01/22 v1.4n Standard LaTeX file (size option)
)
\c@part=\count279
\c@section=\count280
\c@subsection=\count281
\c@subsubsection=\count282
\c@paragraph=\count283
\c@subparagraph=\count284
\c@figure=\count285
\c@table=\count286
\abovecaptionskip=\skip49
\belowcaptionskip=\skip50
\bibindent=\dimen149
) (C:\Users\LajiPZ\AppData\Local\Programs\MiKTeX\tex/latex/ctex/engine\ctex-engine-pdftex.def
File: ctex-engine-pdftex.def 2022/07/14 v2.5.10 (pdf)LaTeX adapter (CTEX)
 (C:\Users\LajiPZ\AppData\Local\Programs\MiKTeX\tex/latex/cjk\CJKutf8.sty
Package: CJKutf8 2021/10/16 4.8.5
 (C:\Users\LajiPZ\AppData\Local\Programs\MiKTeX\tex/generic/iftex\ifpdf.sty
Package: ifpdf 2019/10/25 v3.4 ifpdf legacy package. Use iftex instead.
 (C:\Users\LajiPZ\AppData\Local\Programs\MiKTeX\tex/generic/iftex\iftex.sty
Package: iftex 2024/12/12 v1.0g TeX engine tests
)) (C:\Users\LajiPZ\AppData\Local\Programs\MiKTeX\tex/latex/base\inputenc.sty
Package: inputenc 2024/02/08 v1.3d Input encoding file
\inpenc@prehook=\toks17
\inpenc@posthook=\toks18
) (C:\Users\LajiPZ\AppData\Local\Programs\MiKTeX\tex/latex/cjk\CJK.sty
Package: CJK 2021/10/16 4.8.5
 (C:\Users\LajiPZ\AppData\Local\Programs\MiKTeX\tex/latex/cjk/mule\MULEenc.sty
Package: MULEenc 2021/10/16 4.8.5
) (C:\Users\LajiPZ\AppData\Local\Programs\MiKTeX\tex/latex/cjk\CJK.enc
File: CJK.enc 2021/10/16 4.8.5
Now handling font encoding C00 ...
... no UTF-8 mapping file for font encoding C00
Now handling font encoding C05 ...
... no UTF-8 mapping file for font encoding C05
Now handling font encoding C09 ...
... no UTF-8 mapping file for font encoding C09
Now handling font encoding C10 ...
... no UTF-8 mapping file for font encoding C10
Now handling font encoding C20 ...
... no UTF-8 mapping file for font encoding C20
Now handling font encoding C19 ...
... no UTF-8 mapping file for font encoding C19
Now handling font encoding C40 ...
... no UTF-8 mapping file for font encoding C40
Now handling font encoding C42 ...
... no UTF-8 mapping file for font encoding C42
Now handling font encoding C43 ...
... no UTF-8 mapping file for font encoding C43
Now handling font encoding C50 ...
... no UTF-8 mapping file for font encoding C50
Now handling font encoding C52 ...
... no UTF-8 mapping file for font encoding C52
Now handling font encoding C49 ...
... no UTF-8 mapping file for font encoding C49
Now handling font encoding C60 ...
... no UTF-8 mapping file for font encoding C60
Now handling font encoding C61 ...
... no UTF-8 mapping file for font encoding C61
Now handling font encoding C63 ...
... no UTF-8 mapping file for font encoding C63
Now handling font encoding C64 ...
... no UTF-8 mapping file for font encoding C64
Now handling font encoding C65 ...
... no UTF-8 mapping file for font encoding C65
Now handling font encoding C70 ...
... no UTF-8 mapping file for font encoding C70
Now handling font encoding C31 ...
... no UTF-8 mapping file for font encoding C31
Now handling font encoding C32 ...
... no UTF-8 mapping file for font encoding C32
Now handling font encoding C33 ...
... no UTF-8 mapping file for font encoding C33
Now handling font encoding C34 ...
... no UTF-8 mapping file for font encoding C34
Now handling font encoding C35 ...
... no UTF-8 mapping file for font encoding C35
Now handling font encoding C36 ...
... no UTF-8 mapping file for font encoding C36
Now handling font encoding C37 ...
... no UTF-8 mapping file for font encoding C37
Now handling font encoding C80 ...
... no UTF-8 mapping file for font encoding C80
Now handling font encoding C81 ...
... no UTF-8 mapping file for font encoding C81
Now handling font encoding C01 ...
... no UTF-8 mapping file for font encoding C01
Now handling font encoding C11 ...
... no UTF-8 mapping file for font encoding C11
Now handling font encoding C21 ...
... no UTF-8 mapping file for font encoding C21
Now handling font encoding C41 ...
... no UTF-8 mapping file for font encoding C41
Now handling font encoding C62 ...
... no UTF-8 mapping file for font encoding C62
)
\CJK@indent=\box54
) (C:\Users\LajiPZ\AppData\Local\Programs\MiKTeX\tex/latex/base\fontenc.sty
Package: fontenc 2024/12/21 v2.1c Standard LaTeX package
)) (C:\Users\LajiPZ\AppData\Local\Programs\MiKTeX\tex/latex/cjkpunct\CJKpunct.sty
Package: CJKpunct 2016/05/14 4.8.4
\CJKpunct@cnta=\count287
\CJKpunct@cntb=\count288
\CJKpunct@cntc=\count289
\CJKpunct@cntd=\count290
\CJKpunct@cnte=\count291
   defining Unicode char U+2018 (decimal 8216)
   defining Unicode char U+2019 (decimal 8217)
   defining Unicode char U+201C (decimal 8220)
   defining Unicode char U+201D (decimal 8221)
   defining Unicode char U+2014 (decimal 8212)
   defining Unicode char U+2026 (decimal 8230)
 (C:\Users\LajiPZ\AppData\Local\Programs\MiKTeX\tex/latex/cjkpunct\CJKpunct.spa)) (C:\Users\LajiPZ\AppData\Local\Programs\MiKTeX\tex/latex/cjk\CJKspace.sty
Package: CJKspace 2021/10/16 3.8.0
) (C:\Users\LajiPZ\AppData\Local\Programs\MiKTeX\tex/latex/cjk/UTF8\UTF8.bdg
File: UTF8.bdg 2021/10/16 4.8.5
) (C:\Users\LajiPZ\AppData\Local\Programs\MiKTeX\tex/latex/ctex\ctexspa.def
File: ctexspa.def 2022/07/14 v2.5.10 Space info for CJKpunct (CTEX)
)
\ccwd=\dimen150
\l__ctex_ccglue_skip=\skip51
)
\l__ctex_ziju_dim=\dimen151
 (C:\Users\LajiPZ\AppData\Local\Programs\MiKTeX\tex/latex/zhnumber\zhnumber.sty
Package: zhnumber 2022/07/14 v3.0 Typesetting numbers with Chinese glyphs
\l__zhnum_scale_int=\count292
\l__zhnum_tmp_int=\count293
 (C:\Users\LajiPZ\AppData\Local\Programs\MiKTeX\tex/latex/zhnumber\zhnumber-utf8.cfg
File: zhnumber-utf8.cfg 2022/07/14 v3.0 Chinese numerals with UTF8 encoding
))
\l__ctex_heading_skip=\skip52
 (C:\Users\LajiPZ\AppData\Local\Programs\MiKTeX\tex/latex/ctex/scheme\ctex-scheme-chinese-article.def
File: ctex-scheme-chinese-article.def 2022/07/14 v2.5.10 Chinese scheme for article (CTEX)
 (C:\Users\LajiPZ\AppData\Local\Programs\MiKTeX\tex/latex/ctex/config\ctex-name-utf8.cfg
File: ctex-name-utf8.cfg 2022/07/14 v2.5.10 Caption with encoding UTF-8 (CTEX)
)) (C:\Users\LajiPZ\AppData\Local\Programs\MiKTeX\tex/latex/ctex\ctex-c5size.clo
File: ctex-c5size.clo 2022/07/14 v2.5.10 c5size option (CTEX)
) (C:\Users\LajiPZ\AppData\Local\Programs\MiKTeX\tex/latex/ctex/fontset\ctex-fontset-windows.def
File: ctex-fontset-windows.def 2022/07/14 v2.5.10 Windows fonts definition (CTEX)
)) (C:\Users\LajiPZ\AppData\Local\Programs\MiKTeX\tex/latex/ctex/config\ctex.cfg
File: ctex.cfg 2022/07/14 v2.5.10 Configuration file (CTEX)
) (C:\Users\LajiPZ\AppData\Local\Programs\MiKTeX\tex/latex/hyperref\hyperref.sty
Package: hyperref 2025-06-21 v7.01n Hypertext links for LaTeX
 (C:\Users\LajiPZ\AppData\Local\Programs\MiKTeX\tex/latex/graphics\keyval.sty
Package: keyval 2022/05/29 v1.15 key=value parser (DPC)
\KV@toks@=\toks19
) (C:\Users\LajiPZ\AppData\Local\Programs\MiKTeX\tex/latex/kvsetkeys\kvsetkeys.sty
Package: kvsetkeys 2022-10-05 v1.19 Key value parser (HO)
) (C:\Users\LajiPZ\AppData\Local\Programs\MiKTeX\tex/generic/kvdefinekeys\kvdefinekeys.sty
Package: kvdefinekeys 2019-12-19 v1.6 Define keys (HO)
) (C:\Users\LajiPZ\AppData\Local\Programs\MiKTeX\tex/generic/pdfescape\pdfescape.sty
Package: pdfescape 2019/12/09 v1.15 Implements pdfTeX's escape features (HO)
 (C:\Users\LajiPZ\AppData\Local\Programs\MiKTeX\tex/generic/ltxcmds\ltxcmds.sty
Package: ltxcmds 2023-12-04 v1.26 LaTeX kernel commands for general use (HO)
) (C:\Users\LajiPZ\AppData\Local\Programs\MiKTeX\tex/generic/pdftexcmds\pdftexcmds.sty
Package: pdftexcmds 2020-06-27 v0.33 Utility functions of pdfTeX for LuaTeX (HO)
 (C:\Users\LajiPZ\AppData\Local\Programs\MiKTeX\tex/generic/infwarerr\infwarerr.sty
Package: infwarerr 2019/12/03 v1.5 Providing info/warning/error messages (HO)
)
Package pdftexcmds Info: \pdf@primitive is available.
Package pdftexcmds Info: \pdf@ifprimitive is available.
Package pdftexcmds Info: \pdfdraftmode found.
)) (C:\Users\LajiPZ\AppData\Local\Programs\MiKTeX\tex/latex/hycolor\hycolor.sty
Package: hycolor 2020-01-27 v1.10 Color options for hyperref/bookmark (HO)
) (C:\Users\LajiPZ\AppData\Local\Programs\MiKTeX\tex/latex/hyperref\nameref.sty
Package: nameref 2025-06-21 v2.57 Cross-referencing by name of section
 (C:\Users\LajiPZ\AppData\Local\Programs\MiKTeX\tex/latex/refcount\refcount.sty
Package: refcount 2019/12/15 v3.6 Data extraction from label references (HO)
) (C:\Users\LajiPZ\AppData\Local\Programs\MiKTeX\tex/generic/gettitlestring\gettitlestring.sty
Package: gettitlestring 2019/12/15 v1.6 Cleanup title references (HO)
 (C:\Users\LajiPZ\AppData\Local\Programs\MiKTeX\tex/latex/kvoptions\kvoptions.sty
Package: kvoptions 2022-06-15 v3.15 Key value format for package options (HO)
))
\c@section@level=\count294
) (C:\Users\LajiPZ\AppData\Local\Programs\MiKTeX\tex/latex/etoolbox\etoolbox.sty
Package: etoolbox 2025/02/11 v2.5l e-TeX tools for LaTeX (JAW)
\etb@tempcnta=\count295
) (C:\Users\LajiPZ\AppData\Local\Programs\MiKTeX\tex/generic/stringenc\stringenc.sty
Package: stringenc 2019/11/29 v1.12 Convert strings between diff. encodings (HO)
)
\@linkdim=\dimen152
\Hy@linkcounter=\count296
\Hy@pagecounter=\count297
 (C:\Users\LajiPZ\AppData\Local\Programs\MiKTeX\tex/latex/hyperref\pd1enc.def
File: pd1enc.def 2025-06-21 v7.01n Hyperref: PDFDocEncoding definition (HO)
Now handling font encoding PD1 ...
... no UTF-8 mapping file for font encoding PD1
) (C:\Users\LajiPZ\AppData\Local\Programs\MiKTeX\tex/generic/intcalc\intcalc.sty
Package: intcalc 2019/12/15 v1.3 Expandable calculations with integers (HO)
)
\Hy@SavedSpaceFactor=\count298
 (C:\Users\LajiPZ\AppData\Local\Programs\MiKTeX\tex/latex/hyperref\puenc.def
File: puenc.def 2025-06-21 v7.01n Hyperref: PDF Unicode definition (HO)
Now handling font encoding PU ...
... no UTF-8 mapping file for font encoding PU
)
Package hyperref Info: Option `unicode' set `true' on input line 4052.
Package hyperref Info: Option `colorlinks' set `true' on input line 4052.
Package hyperref Info: Hyper figures OFF on input line 4181.
Package hyperref Info: Link nesting OFF on input line 4186.
Package hyperref Info: Hyper index ON on input line 4189.
Package hyperref Info: Plain pages OFF on input line 4196.
Package hyperref Info: Backreferencing OFF on input line 4201.
Package hyperref Info: Implicit mode ON; LaTeX internals redefined.
Package hyperref Info: Bookmarks ON on input line 4448.
\c@Hy@tempcnt=\count299
 (C:\Users\LajiPZ\AppData\Local\Programs\MiKTeX\tex/latex/url\url.sty
\Urlmuskip=\muskip17
Package: url 2013/09/16  ver 3.4  Verb mode for urls, etc.
)
LaTeX Info: Redefining \url on input line 4787.
\XeTeXLinkMargin=\dimen153
 (C:\Users\LajiPZ\AppData\Local\Programs\MiKTeX\tex/generic/bitset\bitset.sty
Package: bitset 2019/12/09 v1.3 Handle bit-vector datatype (HO)
 (C:\Users\LajiPZ\AppData\Local\Programs\MiKTeX\tex/generic/bigintcalc\bigintcalc.sty
Package: bigintcalc 2019/12/15 v1.5 Expandable calculations on big integers (HO)
))
\Fld@menulength=\count300
\Field@Width=\dimen154
\Fld@charsize=\dimen155
Package hyperref Info: Hyper figures OFF on input line 6066.
Package hyperref Info: Link nesting OFF on input line 6071.
Package hyperref Info: Hyper index ON on input line 6074.
Package hyperref Info: backreferencing OFF on input line 6081.
Package hyperref Info: Link coloring ON on input line 6084.
Package hyperref Info: Link coloring with OCG OFF on input line 6091.
Package hyperref Info: PDF/A mode OFF on input line 6096.
\Hy@abspage=\count301
\c@Item=\count302
\c@Hfootnote=\count303
)
Package hyperref Info: Driver (autodetected): hpdftex.
 (C:\Users\LajiPZ\AppData\Local\Programs\MiKTeX\tex/latex/hyperref\hpdftex.def
File: hpdftex.def 2025-06-21 v7.01n Hyperref driver for pdfTeX
\Fld@listcount=\count304
\c@bookmark@seq@number=\count305
 (C:\Users\LajiPZ\AppData\Local\Programs\MiKTeX\tex/latex/rerunfilecheck\rerunfilecheck.sty
Package: rerunfilecheck 2025-06-21 v1.11 Rerun checks for auxiliary files (HO)
 (C:\Users\LajiPZ\AppData\Local\Programs\MiKTeX\tex/generic/uniquecounter\uniquecounter.sty
Package: uniquecounter 2019/12/15 v1.4 Provide unlimited unique counter (HO)
)
Package uniquecounter Info: New unique counter `rerunfilecheck' on input line 284.
)
\Hy@SectionHShift=\skip53
) (C:\Users\LajiPZ\AppData\Local\Programs\MiKTeX\tex/latex/cjk/UTF8\UTF8.enc
File: UTF8.enc 2021/10/16 4.8.5
) (C:\Users\LajiPZ\AppData\Local\Programs\MiKTeX\tex/latex/cjk/UTF8\UTF8.chr
File: UTF8.chr 2021/10/16 4.8.5
) (design.aux)
\openout1 = `design.aux'.

LaTeX Font Info:    Checking defaults for OML/cmm/m/it on input line 6.
LaTeX Font Info:    ... okay on input line 6.
LaTeX Font Info:    Checking defaults for OMS/cmsy/m/n on input line 6.
LaTeX Font Info:    ... okay on input line 6.
LaTeX Font Info:    Checking defaults for OT1/cmr/m/n on input line 6.
LaTeX Font Info:    ... okay on input line 6.
LaTeX Font Info:    Checking defaults for T1/cmr/m/n on input line 6.
LaTeX Font Info:    ... okay on input line 6.
LaTeX Font Info:    Checking defaults for TS1/cmr/m/n on input line 6.
LaTeX Font Info:    ... okay on input line 6.
LaTeX Font Info:    Checking defaults for OMX/cmex/m/n on input line 6.
LaTeX Font Info:    ... okay on input line 6.
LaTeX Font Info:    Checking defaults for U/cmr/m/n on input line 6.
LaTeX Font Info:    ... okay on input line 6.
LaTeX Font Info:    Checking defaults for C00/song/m/n on input line 6.
LaTeX Font Info:    ... okay on input line 6.
LaTeX Font Info:    Checking defaults for C05/song/m/n on input line 6.
LaTeX Font Info:    ... okay on input line 6.
LaTeX Font Info:    Checking defaults for C09/song/m/n on input line 6.
LaTeX Font Info:    ... okay on input line 6.
LaTeX Font Info:    Checking defaults for C10/song/m/n on input line 6.
LaTeX Font Info:    ... okay on input line 6.
LaTeX Font Info:    Checking defaults for C20/song/m/n on input line 6.
LaTeX Font Info:    ... okay on input line 6.
LaTeX Font Info:    Checking defaults for C19/song/m/n on input line 6.
LaTeX Font Info:    ... okay on input line 6.
LaTeX Font Info:    Checking defaults for C40/song/m/n on input line 6.
LaTeX Font Info:    ... okay on input line 6.
LaTeX Font Info:    Checking defaults for C42/song/m/n on input line 6.
LaTeX Font Info:    ... okay on input line 6.
LaTeX Font Info:    Checking defaults for C43/song/m/n on input line 6.
LaTeX Font Info:    ... okay on input line 6.
LaTeX Font Info:    Checking defaults for C50/song/m/n on input line 6.
LaTeX Font Info:    ... okay on input line 6.
LaTeX Font Info:    Checking defaults for C52/song/m/n on input line 6.
LaTeX Font Info:    ... okay on input line 6.
LaTeX Font Info:    Checking defaults for C49/song/m/n on input line 6.
LaTeX Font Info:    ... okay on input line 6.
LaTeX Font Info:    Checking defaults for C60/mj/m/n on input line 6.
LaTeX Font Info:    ... okay on input line 6.
LaTeX Font Info:    Checking defaults for C61/mj/m/n on input line 6.
LaTeX Font Info:    ... okay on input line 6.
LaTeX Font Info:    Checking defaults for C63/mj/m/n on input line 6.
LaTeX Font Info:    ... okay on input line 6.
LaTeX Font Info:    Checking defaults for C64/mj/m/n on input line 6.
LaTeX Font Info:    ... okay on input line 6.
LaTeX Font Info:    Checking defaults for C65/mj/m/n on input line 6.
LaTeX Font Info:    ... okay on input line 6.
LaTeX Font Info:    Checking defaults for C70/song/m/n on input line 6.
LaTeX Font Info:    ... okay on input line 6.
LaTeX Font Info:    Checking defaults for C31/song/m/n on input line 6.
LaTeX Font Info:    ... okay on input line 6.
LaTeX Font Info:    Checking defaults for C32/song/m/n on input line 6.
LaTeX Font Info:    ... okay on input line 6.
LaTeX Font Info:    Checking defaults for C33/song/m/n on input line 6.
LaTeX Font Info:    ... okay on input line 6.
LaTeX Font Info:    Checking defaults for C34/song/m/n on input line 6.
LaTeX Font Info:    ... okay on input line 6.
LaTeX Font Info:    Checking defaults for C35/song/m/n on input line 6.
LaTeX Font Info:    ... okay on input line 6.
LaTeX Font Info:    Checking defaults for C36/song/m/n on input line 6.
LaTeX Font Info:    ... okay on input line 6.
LaTeX Font Info:    Checking defaults for C37/song/m/n on input line 6.
LaTeX Font Info:    ... okay on input line 6.
LaTeX Font Info:    Checking defaults for C80/song/m/n on input line 6.
LaTeX Font Info:    ... okay on input line 6.
LaTeX Font Info:    Checking defaults for C81/song/m/n on input line 6.
LaTeX Font Info:    ... okay on input line 6.
LaTeX Font Info:    Checking defaults for C01/song/m/n on input line 6.
LaTeX Font Info:    ... okay on input line 6.
LaTeX Font Info:    Checking defaults for C11/song/m/n on input line 6.
LaTeX Font Info:    ... okay on input line 6.
LaTeX Font Info:    Checking defaults for C21/song/m/n on input line 6.
LaTeX Font Info:    ... okay on input line 6.
LaTeX Font Info:    Checking defaults for C41/song/m/n on input line 6.
LaTeX Font Info:    ... okay on input line 6.
LaTeX Font Info:    Checking defaults for C62/song/m/n on input line 6.
LaTeX Font Info:    ... okay on input line 6.
LaTeX Font Info:    Checking defaults for PD1/pdf/m/n on input line 6.
LaTeX Font Info:    ... okay on input line 6.
LaTeX Font Info:    Checking defaults for PU/pdf/m/n on input line 6.
LaTeX Font Info:    ... okay on input line 6.
 (C:\Users\LajiPZ\AppData\Local\Programs\MiKTeX\tex/latex/graphics\color.sty
Package: color 2025/01/14 v1.3e Standard LaTeX Color (DPC)
 (C:\Users\LajiPZ\AppData\Local\Programs\MiKTeX\tex/latex/graphics-cfg\color.cfg
File: color.cfg 2016/01/02 v1.6 sample color configuration
)
Package color Info: Driver file: pdftex.def on input line 149.
 (C:\Users\LajiPZ\AppData\Local\Programs\MiKTeX\tex/latex/graphics-def\pdftex.def
File: pdftex.def 2024/04/13 v1.2c Graphics/color driver for pdftex
 (C:\Users\LajiPZ\AppData\Local\Programs\MiKTeX\tex/context/base/mkii\supp-pdf.mkii
[Loading MPS to PDF converter (version 2006.09.02).]
\scratchcounter=\count306
\scratchdimen=\dimen156
\scratchbox=\box55
\nofMPsegments=\count307
\nofMParguments=\count308
\everyMPshowfont=\toks20
\MPscratchCnt=\count309
\MPscratchDim=\dimen157
\MPnumerator=\count310
\makeMPintoPDFobject=\count311
\everyMPtoPDFconversion=\toks21
)) (C:\Users\LajiPZ\AppData\Local\Programs\MiKTeX\tex/latex/graphics\mathcolor.ltx))
Package hyperref Info: Link coloring ON on input line 6.
 (design.out) (design.out)
\@outlinefile=\write3
\openout3 = `design.out'.

LaTeX Font Info:    Trying to load font information for C70+rm on input line 8.
 (C:\Users\LajiPZ\AppData\Local\Programs\MiKTeX\tex/latex/ctex/fd\c70rm.fd
File: c70rm.fd 2022/07/14 v2.5.10 Chinese font definition (CTEX)
)
LaTeX Font Info:    External font `cmex10' loaded for size
(Font)              <12.045> on input line 8.
LaTeX Font Info:    External font `cmex10' loaded for size
(Font)              <8> on input line 8.
LaTeX Font Info:    External font `cmex10' loaded for size
(Font)              <6> on input line 8.


(C:\Users\LajiPZ\AppData\Local\Programs\MiKTeX\tex/generic/ctex/zhmap\ctex-zhmap-windows.tex
File: ctex-zhmap-windows.tex 2022/07/14 v2.5.10 Windows font map loader for pdfTeX and DVIPDFMx (CTEX)
{C:/Users/LajiPZ/AppData/Local/MiKTeX/fonts/map/pdftex/pdftex.map}{UGBK.sfd}{Unicode.sfd}) [1

] (design.toc
LaTeX Font Info:    External font `cmex10' loaded for size
(Font)              <10.53937> on input line 2.
LaTeX Font Info:    External font `cmex10' loaded for size
(Font)              <7> on input line 2.
LaTeX Font Info:    External font `cmex10' loaded for size
(Font)              <5> on input line 2.
)
\tf@toc=\write4
\openout4 = `design.toc'.



[2] (parts/ref.tex
Package CJKpunct Info: use punctuation spaces for family 'rm' with punctstyle (quanjiao) on input line 3.

Overfull \hbox (7.36435pt too wide) in paragraph at lines 11--12
[]\C70/rm/m/n/10.53937/8b Ē \C70/rm/m/n/10.53937/6c š \C70/rm/m/n/10.53937/52 ^^F \C70/rm/m/n/10.53937/67 É|\C70/rm/m/n/10.53937/30 ^^A| \C70/rm/m/n/10.53937/8b Ē \C70/rm/m/n/10.53937/4e I \C70/rm/m/n/10.53937/52 ^^F \C70/rm/m/n/10.53937/67 É|\C70/rm/m/n/10.53937/ff ^^Z| \C70/rm/m/n/10.53937/91 Ū \C70/rm/m/n/10.53937/75 ( \C70/rm/m/n/10.53937/90 ^^R \C70/rm/m/n/10.53937/5f R \C70/rm/m/n/10.53937/4e  \C70/rm/m/n/10.53937/96 M \C70/rm/m/n/10.53937/6c š \C70/rm/m/n/10.53937/5b ī \C70/rm/m/n/10.53937/62 ^^P \C70/rm/m/n/10.53937/8b Ē \C70/rm/m/n/10.53937/6c š \C70/rm/m/n/10.53937/52 ^^F \C70/rm/m/n/10.53937/67 É|\C70/rm/m/n/10.53937/ff ^^L| \C70/rm/m/n/10.53937/90 ^^P \C70/rm/m/n/10.53937/5c B \C70/rm/m/n/10.53937/8c ^^C \C70/rm/m/n/10.53937/75 (\OT1/cmr/m/n/10.53937 block(),
 []



[3]) (parts/overview.tex
Overfull \hbox (21.88417pt too wide) in paragraph at lines 28--29
[]\C70/rm/m/n/10.53937/4e - \C70/rm/m/n/10.53937/95 ¶ \C70/rm/m/n/10.53937/4e Ń \C70/rm/m/n/10.53937/78 ^^A \C70/rm/m/n/10.53937/7f ¹ \C70/rm/m/n/10.53937/8b č|\C70/rm/m/n/10.53937/ff ^^Z| \C70/rm/m/n/10.53937/5c ^^F\OT1/cmr/m/n/10.53937 LLVM IR|\C70/rm/m/n/10.53937/ff ^^L| \C70/rm/m/n/10.53937/7f ¹ \C70/rm/m/n/10.53937/8b č \C70/rm/m/n/10.53937/4e : \C70/rm/m/n/10.53937/4f ^^? \C70/rm/m/n/10.53937/75 ( \C70/rm/m/n/10.53937/86 Z \C70/rm/m/n/10.53937/62 ▀ \C70/rm/m/n/10.53937/5b ─ X \C70/rm/m/n/10.53937/56 h \C70/rm/m/n/10.53937/4f \ \C70/rm/m/n/10.53937/4e : \C70/rm/m/n/10.53937/64 ═ \C70/rm/m/n/10.53937/4f \ \C70/rm/m/n/10.53937/65 p \C70/rm/m/n/10.53937/76 ä\OT1/cmr/m/n/10.53937 MIPS\C70/rm/m/n/10.53937/6c G
 []



[4]
Overfull \hbox (15.80792pt too wide) in paragraph at lines 42--43
\OT1/cmr/m/n/10.53937 Parser\C70/rm/m/n/10.53937/90 ^^Z \C70/rm/m/n/10.53937/8f Ū \C70/rm/m/n/10.53937/81 Ļ \C70/rm/m/n/10.53937/8b Ē \C70/rm/m/n/10.53937/6c š \C70/rm/m/n/10.53937/62 ^^P \C70/rm/m/n/10.53937/52 ^^F \C70/rm/m/n/10.53937/98 v \C70/rm/m/n/10.53937/5c B\OT1/cmr/m/n/10.53937 CompileUnit\C70/rm/m/n/10.53937/5f Ć \C70/rm/m/n/10.53937/4e  \C70/rm/m/n/10.53937/90 ^^R \C70/rm/m/n/10.53937/5f R \C70/rm/m/n/10.53937/8b Ē \C70/rm/m/n/10.53937/6c š \C70/rm/m/n/10.53937/62 ^^P \C70/rm/m/n/10.53937/52 ^^F \C70/rm/m/n/10.53937/5b ∙ \C70/rm/m/n/10.53937/5e ö \C70/rm/m/n/10.53937/76 ä\OT1/cmr/m/n/10.53937 parse()|\C70/rm/m/n/10.53937/ff ^^L|
 []


Overfull \hbox (1.53853pt too wide) in paragraph at lines 45--46
[]\C70/rm/m/n/10.53937/4e - \C70/rm/m/n/10.53937/95 ¶ \C70/rm/m/n/10.53937/4e Ń \C70/rm/m/n/10.53937/78 ^^A \C70/rm/m/n/10.53937/4f ^^X \C70/rm/m/n/10.53937/53 ^^V|\C70/rm/m/n/10.53937/ff ^^Z| \C70/rm/m/n/10.53937/67 ä \C70/rm/m/n/10.53937/5e · \C70/rm/m/n/10.53937/63 ź \C70/rm/m/n/10.53937/53 Ń\OT1/cmr/m/n/10.53937 frontend/llvm/Pass|\C70/rm/m/n/10.53937/ff ^^L| \C70/rm/m/n/10.53937/89 ü \C70/rm/m/n/10.53937/6c B \C70/rm/m/n/10.53937/5b × \C70/rm/m/n/10.53937/73 ░\OT1/cmr/m/n/10.53937 run()\C70/rm/m/n/10.53937/65 ╣ \C70/rm/m/n/10.53937/6c š|\C70/rm/m/n/10.53937/ff ^^[| \C70/rm/m/n/10.53937/4e ;
 []


Overfull \hbox (16.01166pt too wide) in paragraph at lines 46--47
\C70/rm/m/n/10.53937/8c ^^C \C70/rm/m/n/10.53937/75 (\OT1/cmr/m/n/10.53937 backend/mips/instBuilder\C70/rm/m/n/10.53937/4e -|\C70/rm/m/n/10.53937/ff ^^L| \C70/rm/m/n/10.53937/54 ^^D \C70/rm/m/n/10.53937/79 ═\OT1/cmr/m/n/10.53937 LLVM IR\C70/rm/m/n/10.53937/5b ∙ \C70/rm/m/n/10.53937/5e ö \C70/rm/m/n/10.53937/76 ä \C70/rm/m/n/10.53937/67 ä \C70/rm/m/n/10.53937/5e · \C70/rm/m/n/10.53937/65 ╣ \C70/rm/m/n/10.53937/6c š\OT1/cmr/m/n/10.53937 build()|\C70/rm/m/n/10.53937/ff ^^L|
 []



[5]

[6]) (parts/lexer.tex

[7]
Overfull \hbox (6.37065pt too wide) in paragraph at lines 22--24
[]\C70/rm/m/n/10.53937/97 ^^@ \C70/rm/m/n/10.53937/89 ü \C70/rm/m/n/10.53937/6c Ķ \C70/rm/m/n/10.53937/61 ^^O \C70/rm/m/n/10.53937/76 ä \C70/rm/m/n/10.53937/66 /|\C70/rm/m/n/10.53937/ff ^^L| \C70/rm/m/n/10.53937/8b ═ \C70/rm/m/n/10.53937/6c š \C70/rm/m/n/10.53937/52 ^^F \C70/rm/m/n/10.53937/67 É \C70/rm/m/n/10.53937/5b ī \C70/rm/m/n/10.53937/62 ^^P \C70/rm/m/n/10.53937/54 ^^N|\C70/rm/m/n/10.53937/ff ^^L| \C70/rm/m/n/10.53937/65 Ó \C70/rm/m/n/10.53937/8b ║ \C70/rm/m/n/10.53937/51 · \C70/rm/m/n/10.53937/73 ░ \C70/rm/m/n/10.53937/95 ^^Y \C70/rm/m/n/10.53937/8b ’ \C70/rm/m/n/10.53937/4e ^^N \C70/rm/m/n/10.53937/54 &|\C70/rm/m/n/10.53937/ff ^^L| \C70/rm/m/n/10.53937/57 G \C70/rm/m/n/10.53937/97 ^^@ \C70/rm/m/n/10.53937/5f Ś \C70/rm/m/n/10.53937/52 0\OT1/cmr/m/n/10.53937 Token\C70/rm/m/n/10.53937/4e 2
 []


Overfull \hbox (4.89182pt too wide) in paragraph at lines 29--33
[]\C70/rm/m/n/10.53937/4e ╬ \C70/rm/m/n/10.53937/65 ć \C70/rm/m/n/10.53937/4e ÷ \C70/rm/m/n/10.53937/8b ¹ \C70/rm/m/n/10.53937/53 ų \C70/rm/m/n/10.53937/5b W \C70/rm/m/n/10.53937/7b & \C70/rm/m/n/10.53937/76 ä \C70/rm/m/n/10.53937/64 ═ \C70/rm/m/n/10.53937/4f \|\C70/rm/m/n/10.53937/ff ^^L| \C70/rm/m/n/10.53937/90 ^^Z \C70/rm/m/n/10.53937/8f Ū \C70/rm/m/n/10.53937/52 ^^[ \C70/rm/m/n/10.53937/5e · \C70/rm/m/n/10.53937/4e ^^@ * \C70/rm/m/n/10.53937/51 ģ \C70/rm/m/n/10.53937/90 Ķ \C70/rm/m/n/10.53937/7c {\OT1/cmr/bx/n/10.53937 Reader\C70/rm/m/n/10.53937/5b × \C70/rm/m/n/10.53937/73 ░|\C70/rm/m/n/10.53937/30 ^^B|  \OT1/cmr/bx/n/10.53937 Reader\C70/rm/m/n/10.53937/66 /
 []



[8]
LaTeX Font Info:    Trying to load font information for OMS+cmr on input line 61.
 (C:\Users\LajiPZ\AppData\Local\Programs\MiKTeX\tex/latex/base\omscmr.fd
File: omscmr.fd 2024/11/19 v2.5n Standard LaTeX font definitions
)
LaTeX Font Info:    Font shape `OMS/cmr/m/n' in size <10.53937> not available
(Font)              Font shape `OMS/cmsy/m/n' tried instead on input line 61.
) (parts/parser.tex
Overfull \hbox (19.97264pt too wide) in paragraph at lines 13--16
[]\C70/rm/m/n/10.53937/6b d \C70/rm/m/n/10.53937/65 ÷ \C70/rm/m/n/10.53937/76 ä \C70/rm/m/n/10.53937/98 v \C70/rm/m/n/10.53937/5c B \C70/rm/m/n/10.53937/6a ! \C70/rm/m/n/10.53937/57 W\OT1/cmr/m/n/10.53937 CompileUnit\C70/rm/m/n/10.53937/66 / \C70/rm/m/n/10.53937/8b Ē \C70/rm/m/n/10.53937/6c š \C70/rm/m/n/10.53937/62 ^^P \C70/rm/m/n/10.53937/52 ^^F|\C70/rm/m/n/10.53937/ff ^^L| \C70/rm/m/n/10.53937/65 E \C70/rm/m/n/10.53937/4e ” \C70/rm/m/n/10.53937/5e ö \C70/rm/m/n/10.53937/7f n \C70/rm/m/n/10.53937/4e Ä \OT1/cmr/m/n/10.53937 /fron-tend/syntax\C70/rm/m/n/10.53937/4e |\C70/rm/m/n/10.53937/ff ^^L|
 []


Overfull \hbox (2.95718pt too wide) in paragraph at lines 17--18
[]\C70/rm/m/n/10.53937/54 ^^D \C70/rm/m/n/10.53937/4e * \C70/rm/m/n/10.53937/8b Ē \C70/rm/m/n/10.53937/6c š \C70/rm/m/n/10.53937/62 ^^P \C70/rm/m/n/10.53937/52 ^^F \C70/rm/m/n/10.53937/76 ä \C70/rm/m/n/10.53937/52 ^^F \C70/rm/m/n/10.53937/67 É \C70/rm/m/n/10.53937/90 ; \C70/rm/m/n/10.53937/8f æ|\C70/rm/m/n/10.53937/ff ^^L| \C70/rm/m/n/10.53937/5e ö \C70/rm/m/n/10.53937/65 > \C70/rm/m/n/10.53937/57 ( \C70/rm/m/n/10.53937/54 ^^D \C70/rm/m/n/10.53937/8b Ē \C70/rm/m/n/10.53937/6c š \C70/rm/m/n/10.53937/62 ^^P \C70/rm/m/n/10.53937/52 ^^F \C70/rm/m/n/10.53937/51 ģ|\C70/rm/m/n/10.53937/ff ^^L| \C70/rm/m/n/10.53937/80 ^^L \C70/rm/m/n/10.53937/97 ^ \C70/rm/m/n/10.53937/96 Ų \C70/rm/m/n/10.53937/4e - \C70/rm/m/n/10.53937/57 (\OT1/cmr/m/n/10.53937 Parser\C70/rm/m/n/10.53937/7c {|\C70/rm/m/n/10.53937/ff ^^L|
 []



[9]
Overfull \hbox (2.1258pt too wide) in paragraph at lines 26--28
[]\C70/rm/m/n/10.53937/65 t \C70/rm/m/n/10.53937/4e * \C70/rm/m/n/10.53937/8b Ē \C70/rm/m/n/10.53937/6c š \C70/rm/m/n/10.53937/52 ^^F \C70/rm/m/n/10.53937/67 É \C70/rm/m/n/10.53937/8f Ū \C70/rm/m/n/10.53937/7a |\C70/rm/m/n/10.53937/ff ^^L| \C70/rm/m/n/10.53937/75 1\OT1/cmr/m/n/10.53937 Parser\C70/rm/m/n/10.53937/8c ^^C \C70/rm/m/n/10.53937/75 (\OT1/cmr/m/n/10.53937 CompileUnit::build()\C70/rm/m/n/10.53937/5f ^^@ \C70/rm/m/n/10.53937/59 ╦|\C70/rm/m/n/10.53937/30 ^^B|  \OT1/cmr/m/n/10.53937 build()\C70/rm/m/n/10.53937/65 ╣
 []


Overfull \hbox (3.7652pt too wide) in paragraph at lines 36--40
\C70/rm/m/n/10.53937/73 ░ \C70/rm/m/n/10.53937/56 ▐ \C70/rm/m/n/10.53937/6e » \C70/rm/m/n/10.53937/65 ÷|\C70/rm/m/n/10.53937/ff ^^L| \C70/rm/m/n/10.53937/5e ö · \C70/rm/m/n/10.53937/7a ╦ \C70/rm/m/n/10.53937/68 └ \C70/rm/m/n/10.53937/67 Õ \C70/rm/m/n/10.53937/70 ╣|\C70/rm/m/n/10.53937/ff ^^L| \C70/rm/m/n/10.53937/8b ░ \C70/rm/m/n/10.53937/5f U S \C70/rm/m/n/10.53937/52 M\OT1/cmr/m/n/10.53937 Token\C70/rm/m/n/10.53937/8b ¹ \C70/rm/m/n/10.53937/53 ų \C70/rm/m/n/10.53937/4f M \C70/rm/m/n/10.53937/7f n|\C70/rm/m/n/10.53937/ff ^^L| \C70/rm/m/n/10.53937/5e v \C70/rm/m/n/10.53937/4e ^^M ╬\OT1/cmr/m/n/10.53937 TokenStream\C70/rm/m/n/10.53937/4e -
 []


Overfull \hbox (19.99594pt too wide) in paragraph at lines 43--45
[]\C70/rm/m/n/10.53937/6b d \C70/rm/m/n/10.53937/59 ^^V|\C70/rm/m/n/10.53937/ff ^^L| \C70/rm/m/n/10.53937/6c Ķ \C70/rm/m/n/10.53937/61 ^^O \C70/rm/m/n/10.53937/52 0 \C70/rm/m/n/10.53937/97 ^^@ \C70/rm/m/n/10.53937/89 ü \C70/rm/m/n/10.53937/8b ░ \C70/rm/m/n/10.53937/5f U \C70/rm/m/n/10.53937/52 ^^F \C70/rm/m/n/10.53937/67 É \C70/rm/m/n/10.53937/8f Ū \C70/rm/m/n/10.53937/7a |\C70/rm/m/n/10.53937/30 ^^B| \C70/rm/m/n/10.53937/80 ^^C \C70/rm/m/n/10.53937/86 Q \C70/rm/m/n/10.53937/52 0 \C70/rm/m/n/10.53937/83 Ę \C70/rm/m/n/10.53937/53 ų\OT1/cmr/m/n/10.53937 Token\C70/rm/m/n/10.53937/5f ┼ \C70/rm/m/n/10.53937/98 { \C70/rm/m/n/10.53937/90 ^^Z \C70/rm/m/n/10.53937/8f Ū\OT1/cmr/m/n/10.53937 TokenStream|\C70/rm/m/n/10.53937/ff ^^L|
 []

) (parts/symbol.tex

[10]) (parts/codegen.tex

[11]
Overfull \hbox (3.91151pt too wide) in paragraph at lines 18--20
\C70/rm/m/n/10.53937/62 ^^? \C70/rm/m/n/10.53937/81 Ļ\OT1/cmr/m/n/10.53937 Value\C70/rm/m/n/10.53937/7c {|\C70/rm/m/n/10.53937/30 ^^B| \C70/rm/m/n/10.53937/57 ( \C70/rm/m/n/10.53937/62 ^^Q \C70/rm/m/n/10.53937/4e ņ \C70/rm/m/n/10.53937/76 ä \C70/rm/m/n/10.53937/5b × \C70/rm/m/n/10.53937/73 ░ \C70/rm/m/n/10.53937/4e -|\C70/rm/m/n/10.53937/ff ^^L| \OT1/cmr/m/n/10.53937 User\C70/rm/m/n/10.53937/4e  ┼ \C70/rm/m/n/10.53937/67 	 \C70/rm/m/n/10.53937/63 ^^G \C70/rm/m/n/10.53937/4e õ \C70/rm/m/n/10.53937/7c {|\C70/rm/m/n/10.53937/ff ^^L| \C70/rm/m/n/10.53937/65 E \C70/rm/m/n/10.53937/62 ^^Q \C70/rm/m/n/10.53937/4e ņ \C70/rm/m/n/10.53937/90 	 \C70/rm/m/n/10.53937/62 ķ \C70/rm/m/n/10.53937/5f ² \C70/rm/m/n/10.53937/75 e\OT1/cmr/m/n/10.53937 User\C70/rm/m/n/10.53937/7c {
 []


Overfull \hbox (32.52592pt too wide) in paragraph at lines 23--26
\C70/rm/m/n/10.53937/4e - \C70/rm/m/n/10.53937/52 ^^F \C70/rm/m/n/10.53937/5e ^^C \C70/rm/m/n/10.53937/5f ^^O \C70/rm/m/n/10.53937/59 ^^D \C70/rm/m/n/10.53937/74 ^^F \C70/rm/m/n/10.53937/76 ä \C70/rm/m/n/10.53937/60 ^^] \C70/rm/m/n/10.53937/8d ’|\C70/rm/m/n/10.53937/ff ^^L| \C70/rm/m/n/10.53937/54 ^^D \C70/rm/m/n/10.53937/4e * \C70/rm/m/n/10.53937/5b ∙ \C70/rm/m/n/10.53937/5e ö \C70/rm/m/n/10.53937/4e å\OT1/cmr/m/n/10.53937 IR\C70/rm/m/n/10.53937/76 ä \C70/rm/m/n/10.53937/8b Ē \C70/rm/m/n/10.53937/6c š \C70/rm/m/n/10.53937/62 ^^P \C70/rm/m/n/10.53937/52 ^^F \C70/rm/m/n/10.53937/7c { |\C70/rm/m/n/10.53937/ff ^^H|\C70/rm/m/n/10.53937/4e > \C70/rm/m/n/10.53937/4f ŗ \C70/rm/m/n/10.53937/80 ^^L \C70/rm/m/n/10.53937/8a ^^@|\C70/rm/m/n/10.53937/ff ^^L| \C70/rm/m/n/10.53937/53 ^^E \C70/rm/m/n/10.53937/54 +\OT1/cmr/m/n/10.53937 CompileUnit|\C70/rm/m/n/10.53937/ff ^^L|
 []


Overfull \hbox (32.60207pt too wide) in paragraph at lines 23--26
\C70/rm/m/n/10.53937/4f F \C70/rm/m/n/10.53937/4e ^^M \C70/rm/m/n/10.53937/54 +\OT1/cmr/m/n/10.53937 BType|\C70/rm/m/n/10.53937/ff 	| \C70/rm/m/n/10.53937/4e -|\C70/rm/m/n/10.53937/ff ^^L| \C70/rm/m/n/10.53937/57 G \C70/rm/m/n/10.53937/97 ^^@ \C70/rm/m/n/10.53937/5b × \C70/rm/m/n/10.53937/73 ░\OT1/cmr/m/n/10.53937 build()\C70/rm/m/n/10.53937/65 ╣ \C70/rm/m/n/10.53937/6c š|\C70/rm/m/n/10.53937/ff ^^L| \C70/rm/m/n/10.53937/4e ^^N\OT1/cmr/m/n/10.53937 IrBuilder\C70/rm/m/n/10.53937/7c { \C70/rm/m/n/10.53937/4e ż Æ|\C70/rm/m/n/10.53937/ff ^^L| \C70/rm/m/n/10.53937/5b ī \C70/rm/m/n/10.53937/62 ^^P \C70/rm/m/n/10.53937/54 ^^D\OT1/cmr/m/n/10.53937 ASTNode\C70/rm/m/n/10.53937/52 0
 []



[12]

[13]
Overfull \hbox (1.81555pt too wide) in paragraph at lines 98--101
[]\C70/rm/m/n/10.53937/51 w \C70/rm/m/n/10.53937/4f S \C70/rm/m/n/10.53937/80 ^^L \C70/rm/m/n/10.53937/8a ^^@|\C70/rm/m/n/10.53937/ff ^^L| \C70/rm/m/n/10.53937/67 , \C70/rm/m/n/10.53937/8b Š Ī \C70/rm/m/n/10.53937/53 ┬ \C70/rm/m/n/10.53937/80 ^^C [][] |\C70/rm/m/n/10.53937/30 
|\OT1/cmr/m/n/10.53937 Building an Op-ti-miz-ing Com-piler|\C70/rm/m/n/10.53937/30 | [][] \C70/rm/m/n/10.53937/76 ä \C70/rm/m/n/10.53937/7b ,\OT1/cmr/m/n/10.53937 13\C70/rm/m/n/10.53937/7a Ó|\C70/rm/m/n/10.53937/ff ^^L|
 []

) (parts/optimize.tex

[14]
Overfull \hbox (5.46321pt too wide) in paragraph at lines 11--12
[]\C70/rm/m/n/10.53937/5b ∙ \C70/rm/m/n/10.53937/4e Ä \C70/rm/m/n/10.53937/4f ^^X \C70/rm/m/n/10.53937/53 ^^V \C70/rm/m/n/10.53937/8f Ū \C70/rm/m/n/10.53937/7a |\C70/rm/m/n/10.53937/ff ^^L| \C70/rm/m/n/10.53937/51 v \C70/rm/m/n/10.53937/5e ö \C70/rm/m/n/10.53937/8b Õ \C70/rm/m/n/10.53937/88 ½ \C70/rm/m/n/10.53937/89 Ų \C70/rm/m/n/10.53937/4e : \C70/rm/m/n/10.53937/5b ∙ \C70/rm/m/n/10.53937/7f ^^V \C70/rm/m/n/10.53937/8b č \C70/rm/m/n/10.53937/53 U \C70/rm/m/n/10.53937/51 C|\C70/rm/m/n/10.53937/ff ^^L| \C70/rm/m/n/10.53937/53 s\OT1/cmr/m/n/10.53937 MipsModule\C70/rm/m/n/10.53937/62 ^^V\OT1/cmr/m/n/10.53937 IrModule\C70/rm/m/n/10.53937/76 ä
 []

)

[15] (design.aux)
 ***********
LaTeX2e <2025-06-01> patch level 1
L3 programming layer <2022/07/14>
 ***********
Package rerunfilecheck Info: File `design.out' has not changed.
(rerunfilecheck)             Checksum: 6D0286E29FE320F3D61AD9357AAAC83D;2537.
 ) 
Here is how much of TeX's memory you used:
 13479 strings out of 468221
 239351 string characters out of 5432407
 619638 words of memory out of 5000000
 41493 multiletter control sequences out of 15000+600000
 678375 words of font info for 225 fonts, out of 8000000 for 9000
 1141 hyphenation exceptions out of 8191
 80i,6n,83p,799b,606s stack positions out of 10000i,1000n,20000p,200000b,200000s
<C:/WINDOWS/Fonts/simhei.ttf><C:/WINDOWS/Fonts/simsun.ttc><C:/WINDOWS/Fonts/simsun.ttc><C:/WINDOWS/Fonts/simsun.ttc><C:/WINDOWS/Fonts/simsun.ttc><C:/WINDOWS/Fonts/simsun.ttc><C:/WINDOWS/Fonts/simsun.ttc><C:/WINDOWS/Fonts/simsun.ttc><C:/WINDOWS/Fonts/simhei.ttf><C:/WINDOWS/Fonts/simhei.ttf><C:/WINDOWS/Fonts/simhei.ttf><C:/WINDOWS/Fonts/simhei.ttf><C:/WINDOWS/Fonts/simsun.ttc><C:/WINDOWS/Fonts/simsun.ttc><C:/WINDOWS/Fonts/simhei.ttf><C:/WINDOWS/Fonts/simhei.ttf><C:/WINDOWS/Fonts/simsun.ttc><C:/WINDOWS/Fonts/simsun.ttc><C:/WINDOWS/Fonts/simsun.ttc><C:/WINDOWS/Fonts/simsun.ttc><C:/WINDOWS/Fonts/simsun.ttc><C:/WINDOWS/Fonts/simhei.ttf><C:/WINDOWS/Fonts/simhei.ttf><C:/WINDOWS/Fonts/simhei.ttf><C:/WINDOWS/Fonts/simhei.ttf><C:/WINDOWS/Fonts/simhei.ttf><C:/WINDOWS/Fonts/simhei.ttf><C:/WINDOWS/Fonts/simhei.ttf><C:/WINDOWS/Fonts/simhei.ttf><C:/WINDOWS/Fonts/simhei.ttf><C:/WINDOWS/Fonts/simsun.ttc><C:/WINDOWS/Fonts/simsun.ttc><C:/WINDOWS/Fonts/simsun.ttc><C:/WINDOWS/Fonts/simsun.ttc><C:/WINDOWS/Fonts/simsun.ttc><C:/WINDOWS/Fonts/simsun.ttc><C:/WINDOWS/Fonts/simsun.ttc><C:/WINDOWS/Fonts/simsun.ttc><C:/WINDOWS/Fonts/simsun.ttc><C:/WINDOWS/Fonts/simsun.ttc><C:/WINDOWS/Fonts/simsun.ttc><C:/WINDOWS/Fonts/simhei.ttf><C:/WINDOWS/Fonts/simsun.ttc><C:/WINDOWS/Fonts/simsun.ttc><C:/WINDOWS/Fonts/simsun.ttc><C:/WINDOWS/Fonts/simsun.ttc><C:/WINDOWS/Fonts/simsun.ttc><C:/WINDOWS/Fonts/simsun.ttc><C:/WINDOWS/Fonts/simsun.ttc><C:/WINDOWS/Fonts/simhei.ttf><C:/WINDOWS/Fonts/simsun.ttc><C:/WINDOWS/Fonts/simsun.ttc><C:/WINDOWS/Fonts/simsun.ttc><C:/WINDOWS/Fonts/simsun.ttc><C:/WINDOWS/Fonts/simsun.ttc> <C:\Users\LajiPZ\AppData\Local\MiKTeX\fonts/pk/ljfour/jknappen/ec/dpi632\tcrm1000.pk><C:/WINDOWS/Fonts/simsun.ttc><C:/WINDOWS/Fonts/simsun.ttc><C:/WINDOWS/Fonts/simsun.ttc><C:/WINDOWS/Fonts/simsun.ttc><C:/WINDOWS/Fonts/simsun.ttc><C:/WINDOWS/Fonts/simsun.ttc><C:/WINDOWS/Fonts/simsun.ttc><C:/WINDOWS/Fonts/simsun.ttc><C:/WINDOWS/Fonts/simsun.ttc><C:/WINDOWS/Fonts/simsun.ttc><C:/WINDOWS/Fonts/simsun.ttc><C:/WINDOWS/Fonts/simsun.ttc><C:/WINDOWS/Fonts/simsun.ttc><C:/WINDOWS/Fonts/simsun.ttc><C:/WINDOWS/Fonts/simsun.ttc><C:/WINDOWS/Fonts/simsun.ttc><C:/WINDOWS/Fonts/simsun.ttc><C:/WINDOWS/Fonts/simsun.ttc><C:/WINDOWS/Fonts/simsun.ttc><C:/WINDOWS/Fonts/simsun.ttc><C:/WINDOWS/Fonts/simsun.ttc><C:/WINDOWS/Fonts/simsun.ttc><C:/WINDOWS/Fonts/simsun.ttc><C:/WINDOWS/Fonts/simsun.ttc><C:/WINDOWS/Fonts/simsun.ttc><C:/WINDOWS/Fonts/simsun.ttc><C:/WINDOWS/Fonts/simsun.ttc><C:/WINDOWS/Fonts/simhei.ttf><C:/WINDOWS/Fonts/simhei.ttf><C:/WINDOWS/Fonts/simhei.ttf><C:/WINDOWS/Fonts/simsun.ttc><C:/WINDOWS/Fonts/simsun.ttc><C:/WINDOWS/Fonts/simsun.ttc><C:/WINDOWS/Fonts/simsun.ttc><C:/WINDOWS/Fonts/simsun.ttc><C:/WINDOWS/Fonts/simhei.ttf><C:/WINDOWS/Fonts/simhei.ttf><C:/WINDOWS/Fonts/simhei.ttf><C:/WINDOWS/Fonts/simhei.ttf><C:/WINDOWS/Fonts/simhei.ttf><C:/WINDOWS/Fonts/simhei.ttf><C:/WINDOWS/Fonts/simhei.ttf><C:/WINDOWS/Fonts/simsun.ttc><C:/WINDOWS/Fonts/simsun.ttc><C:/WINDOWS/Fonts/simsun.ttc><C:/WINDOWS/Fonts/simsun.ttc><C:/WINDOWS/Fonts/simsun.ttc><C:/WINDOWS/Fonts/simsun.ttc><C:/WINDOWS/Fonts/simsun.ttc><C:/WINDOWS/Fonts/simhei.ttf><C:/WINDOWS/Fonts/simhei.ttf><C:/WINDOWS/Fonts/simhei.ttf><C:/WINDOWS/Fonts/simhei.ttf><C:/WINDOWS/Fonts/simhei.ttf><C:/WINDOWS/Fonts/simhei.ttf><C:/WINDOWS/Fonts/simhei.ttf><C:/WINDOWS/Fonts/simsun.ttc><C:/WINDOWS/Fonts/simsun.ttc><C:/WINDOWS/Fonts/simsun.ttc><C:/WINDOWS/Fonts/simsun.ttc><C:/WINDOWS/Fonts/simsun.ttc><C:/WINDOWS/Fonts/simsun.ttc><C:/WINDOWS/Fonts/simsun.ttc><C:/WINDOWS/Fonts/simsun.ttc><C:/WINDOWS/Fonts/simsun.ttc><C:/WINDOWS/Fonts/simsun.ttc><C:/Users/LajiPZ/AppData/Local/Programs/MiKTeX/fonts/type1/public/amsfonts/cm/cmbx10.pfb><C:/Users/LajiPZ/AppData/Local/Programs/MiKTeX/fonts/type1/public/amsfonts/cm/cmbx12.pfb><C:/Users/LajiPZ/AppData/Local/Programs/MiKTeX/fonts/type1/public/amsfonts/cm/cmr10.pfb><C:/Users/LajiPZ/AppData/Local/Programs/MiKTeX/fonts/type1/public/amsfonts/cm/cmr12.pfb><C:/Users/LajiPZ/AppData/Local/Programs/MiKTeX/fonts/type1/public/amsfonts/cm/cmsl10.pfb><C:/Users/LajiPZ/AppData/Local/Programs/MiKTeX/fonts/type1/public/amsfonts/cm/cmsy10.pfb>
Output written on design.pdf (15 pages, 781884 bytes).
PDF statistics:
 807 PDF objects out of 1000 (max. 8388607)
 44 named destinations out of 1000 (max. 500000)
 493 words of extra memory for PDF output out of 10000 (max. 10000000)

